<?xml version="1.0" encoding="UTF-8"?>
<!-- Generated by org.testng.reporters.JUnitXMLReporter -->
<testsuite ignored="0" hostname="OF060GZYGSN21" failures="0" tests="8" name="Default test" time="50.433" errors="0" timestamp="2020-11-10T13:39:26 EST">
  <testcase classname="com.clicktime.tests.FeedBackPageTest" name="ValidateFeedBackSubmission" time="1.043"/>
  <testcase classname="com.clicktime.tests.FeedBackPageTest" name="ValidateFeedBackSubmissionPageObjects" time="0.485"/>
  <testcase classname="com.clicktime.tests.FeedBackPageTest" name="ValidateInvalidEmailAssertion" time="0.941"/>
  <testcase classname="com.clicktime.tests.FeedBackPageTest" name="ValidateMissingFieldsAssertion" time="1.033"/>
  <testcase classname="com.clicktime.tests.FeedBackPageTest" name="ValidateMissingFieldsAssertion" time="1.079"/>
  <testcase classname="com.clicktime.tests.FeedBackPageTest" name="ValidateMissingFieldsAssertion" time="0.982"/>
  <testcase classname="com.clicktime.tests.FeedBackPageTest" name="ValidateMissingFieldsAssertion" time="0.95"/>
  <testcase classname="com.clicktime.tests.FeedBackPageTest" name="validateFeedBackFieldsLengthLimit" time="1.225"/>
</testsuite> <!-- Default test -->
